<?xml version="1.0" encoding="UTF-8"?>
<!-- Generated by org.testng.reporters.JUnitReportReporter -->
<testsuite hostname="D4RQCGB3" failures="0" tests="1" name="com.api.cucumber.mousekey.mkRunner" time="34.784" errors="0" timestamp="2021-07-28T16:12:29 IST" skipped="0">
  <testcase classname="com.api.cucumber.mousekey.mkRunner" name="runScenario" time="34.784"/>
  <system-out/>
</testsuite> <!-- com.api.cucumber.mousekey.mkRunner -->
