<?xml version="1.0" encoding="UTF-8"?>
<!-- Generated by org.testng.reporters.JUnitReportReporter -->
<testsuite hostname="D4RQCGB3" failures="0" tests="1" name="com.api.multipleWindows.multipleRunner" time="93.398" errors="0" timestamp="2021-07-23T11:32:10 IST" skipped="0">
  <testcase classname="com.api.multipleWindows.multipleRunner" name="runScenario" time="93.398"/>
  <system-out/>
</testsuite> <!-- com.api.multipleWindows.multipleRunner -->
