<?xml version="1.0" encoding="UTF-8"?>
<!-- Generated by org.testng.reporters.JUnitReportReporter -->
<testsuite hostname="D4RQCGB3" failures="0" tests="6" name="com.api.cucumber.runner.PostTestNgRunner" time="1.284" errors="0" timestamp="2021-07-19T16:21:48 IST" skipped="0">
  <testcase classname="com.api.cucumber.runner.PostTestNgRunner" name="runScenario" time="0.026"/>
  <system-out/>
  <testcase classname="com.api.cucumber.runner.PostTestNgRunner" name="runScenario" time="0.023"/>
  <system-out/>
  <testcase classname="com.api.cucumber.runner.PostTestNgRunner" name="runScenario" time="0.073"/>
  <system-out/>
  <testcase classname="com.api.cucumber.runner.PostTestNgRunner" name="runScenario" time="1.048"/>
  <system-out/>
  <testcase classname="com.api.cucumber.runner.PostTestNgRunner" name="runScenario" time="0.042"/>
  <system-out/>
  <testcase classname="com.api.cucumber.runner.PostTestNgRunner" name="runScenario" time="0.072"/>
  <system-out/>
</testsuite> <!-- com.api.cucumber.runner.PostTestNgRunner -->
